2026/03/30 17:55:34 [warn] 1#1: the "user" directive makes sense only if the master process runs with super-user privileges, ignored in /etc/nginx/nginx.conf:2
2026/03/30 17:55:34 [notice] 1#1: using the "epoll" event method
2026/03/30 17:55:34 [notice] 1#1: nginx/1.29.5
2026/03/30 17:55:34 [notice] 1#1: built by gcc 15.2.0 (Alpine 15.2.0) 
2026/03/30 17:55:34 [notice] 1#1: OS: Linux 6.1.161-183.298.amzn2023.x86_64
2026/03/30 17:55:34 [notice] 1#1: getrlimit(RLIMIT_NOFILE): 32768:65536
2026/03/30 17:55:34 [notice] 1#1: start worker processes
2026/03/30 17:55:34 [notice] 1#1: start worker process 21
2026/03/30 17:55:34 [notice] 1#1: start worker process 22
2026/03/30 17:56:10 [error] 21#21: *1 open() "/usr/share/nginx/html/favicon.ico" failed (2: No such file or directory), client: 172.56.32.215, server: localhost, request: "GET /favicon.ico HTTP/1.1", host: "100.24.5.173:8080", referrer: "http://100.24.5.173:8080/"
2026/03/30 18:18:12 [notice] 1#1: signal 3 (SIGQUIT) received, shutting down
2026/03/30 18:18:12 [notice] 22#22: gracefully shutting down
2026/03/30 18:18:12 [notice] 22#22: exiting
2026/03/30 18:18:12 [notice] 22#22: exit
2026/03/30 18:18:12 [notice] 21#21: gracefully shutting down
2026/03/30 18:18:12 [notice] 21#21: exiting
2026/03/30 18:18:12 [notice] 21#21: exit
2026/03/30 18:18:13 [notice] 1#1: signal 17 (SIGCHLD) received from 21
2026/03/30 18:18:13 [notice] 1#1: worker process 21 exited with code 0
2026/03/30 18:18:13 [notice] 1#1: worker process 22 exited with code 0
2026/03/30 18:18:13 [alert] 1#1: unlink() "/run/nginx.pid" failed (13: Permission denied)
2026/03/30 18:18:13 [notice] 1#1: exit
2026/03/30 18:18:31 [warn] 1#1: the "user" directive makes sense only if the master process runs with super-user privileges, ignored in /etc/nginx/nginx.conf:2
2026/03/30 18:18:31 [notice] 1#1: using the "epoll" event method
2026/03/30 18:18:31 [notice] 1#1: nginx/1.29.7
2026/03/30 18:18:31 [notice] 1#1: built by gcc 15.2.0 (Alpine 15.2.0) 
2026/03/30 18:18:31 [notice] 1#1: OS: Linux 6.1.161-183.298.amzn2023.x86_64
2026/03/30 18:18:31 [notice] 1#1: getrlimit(RLIMIT_NOFILE): 32768:65536
2026/03/30 18:18:31 [notice] 1#1: start worker processes
2026/03/30 18:18:31 [notice] 1#1: start worker process 21
2026/03/30 18:18:31 [notice] 1#1: start worker process 22
